ERROR - 2022-09-19 10:47:43 --> Error connecting to the database: Unknown database 'manpro'
CRITICAL - 2022-09-19 10:47:43 --> Unable to connect to the database.
Main connection [MySQLi]: Unknown database 'manpro'
#0 C:\xampp\htdocs\rise29\system\Database\BaseConnection.php(625): CodeIgniter\Database\BaseConnection->initialize()
#1 C:\xampp\htdocs\rise29\app\Models\Crud_model.php(26): CodeIgniter\Database\BaseConnection->query('SET sql_mode = ...')
#2 C:\xampp\htdocs\rise29\app\Models\Settings_model.php(11): App\Models\Crud_model->__construct('settings')
#3 C:\xampp\htdocs\rise29\system\Config\Factories.php(120): App\Models\Settings_model->__construct(NULL)
#4 C:\xampp\htdocs\rise29\system\Common.php(904): CodeIgniter\Config\Factories::__callStatic('models', Array)
#5 C:\xampp\htdocs\rise29\app\Controllers\App_Controller.php(31): model('App\\Models\\Sett...')
#6 C:\xampp\htdocs\rise29\app\Controllers\Security_Controller.php(16): App\Controllers\App_Controller->__construct()
#7 C:\xampp\htdocs\rise29\app\Controllers\Dashboard.php(13): App\Controllers\Security_Controller->__construct()
#8 C:\xampp\htdocs\rise29\system\CodeIgniter.php(900): App\Controllers\Dashboard->__construct()
#9 C:\xampp\htdocs\rise29\system\CodeIgniter.php(426): CodeIgniter\CodeIgniter->createController()
#10 C:\xampp\htdocs\rise29\system\CodeIgniter.php(336): CodeIgniter\CodeIgniter->handleRequest(NULL, Object(Config\Cache), false)
#11 C:\xampp\htdocs\rise29\index.php(61): CodeIgniter\CodeIgniter->run()
#12 {main}
ERROR - 2022-09-19 10:47:46 --> Error connecting to the database: Unknown database 'manpro'
CRITICAL - 2022-09-19 10:47:46 --> Unable to connect to the database.
Main connection [MySQLi]: Unknown database 'manpro'
#0 C:\xampp\htdocs\rise29\system\Database\BaseConnection.php(625): CodeIgniter\Database\BaseConnection->initialize()
#1 C:\xampp\htdocs\rise29\app\Models\Crud_model.php(26): CodeIgniter\Database\BaseConnection->query('SET sql_mode = ...')
#2 C:\xampp\htdocs\rise29\app\Models\Settings_model.php(11): App\Models\Crud_model->__construct('settings')
#3 C:\xampp\htdocs\rise29\system\Config\Factories.php(120): App\Models\Settings_model->__construct(NULL)
#4 C:\xampp\htdocs\rise29\system\Common.php(904): CodeIgniter\Config\Factories::__callStatic('models', Array)
#5 C:\xampp\htdocs\rise29\app\Controllers\App_Controller.php(31): model('App\\Models\\Sett...')
#6 C:\xampp\htdocs\rise29\app\Controllers\Security_Controller.php(16): App\Controllers\App_Controller->__construct()
#7 C:\xampp\htdocs\rise29\app\Controllers\Dashboard.php(13): App\Controllers\Security_Controller->__construct()
#8 C:\xampp\htdocs\rise29\system\CodeIgniter.php(900): App\Controllers\Dashboard->__construct()
#9 C:\xampp\htdocs\rise29\system\CodeIgniter.php(426): CodeIgniter\CodeIgniter->createController()
#10 C:\xampp\htdocs\rise29\system\CodeIgniter.php(336): CodeIgniter\CodeIgniter->handleRequest(NULL, Object(Config\Cache), false)
#11 C:\xampp\htdocs\rise29\index.php(61): CodeIgniter\CodeIgniter->run()
#12 {main}
ERROR - 2022-09-19 10:48:03 --> Error connecting to the database: Unknown database 'manpro'
CRITICAL - 2022-09-19 10:48:03 --> Unable to connect to the database.
Main connection [MySQLi]: Unknown database 'manpro'
#0 C:\xampp\htdocs\rise29\system\Database\BaseConnection.php(625): CodeIgniter\Database\BaseConnection->initialize()
#1 C:\xampp\htdocs\rise29\app\Models\Crud_model.php(26): CodeIgniter\Database\BaseConnection->query('SET sql_mode = ...')
#2 C:\xampp\htdocs\rise29\app\Models\Settings_model.php(11): App\Models\Crud_model->__construct('settings')
#3 C:\xampp\htdocs\rise29\system\Config\Factories.php(120): App\Models\Settings_model->__construct(NULL)
#4 C:\xampp\htdocs\rise29\system\Common.php(904): CodeIgniter\Config\Factories::__callStatic('models', Array)
#5 C:\xampp\htdocs\rise29\app\Controllers\App_Controller.php(31): model('App\\Models\\Sett...')
#6 C:\xampp\htdocs\rise29\app\Controllers\Security_Controller.php(16): App\Controllers\App_Controller->__construct()
#7 C:\xampp\htdocs\rise29\app\Controllers\Dashboard.php(13): App\Controllers\Security_Controller->__construct()
#8 C:\xampp\htdocs\rise29\system\CodeIgniter.php(900): App\Controllers\Dashboard->__construct()
#9 C:\xampp\htdocs\rise29\system\CodeIgniter.php(426): CodeIgniter\CodeIgniter->createController()
#10 C:\xampp\htdocs\rise29\system\CodeIgniter.php(336): CodeIgniter\CodeIgniter->handleRequest(NULL, Object(Config\Cache), false)
#11 C:\xampp\htdocs\rise29\index.php(61): CodeIgniter\CodeIgniter->run()
#12 {main}
ERROR - 2022-09-19 10:48:04 --> Error connecting to the database: Unknown database 'manpro'
CRITICAL - 2022-09-19 10:48:04 --> Unable to connect to the database.
Main connection [MySQLi]: Unknown database 'manpro'
#0 C:\xampp\htdocs\rise29\system\Database\BaseConnection.php(625): CodeIgniter\Database\BaseConnection->initialize()
#1 C:\xampp\htdocs\rise29\app\Models\Crud_model.php(26): CodeIgniter\Database\BaseConnection->query('SET sql_mode = ...')
#2 C:\xampp\htdocs\rise29\app\Models\Settings_model.php(11): App\Models\Crud_model->__construct('settings')
#3 C:\xampp\htdocs\rise29\system\Config\Factories.php(120): App\Models\Settings_model->__construct(NULL)
#4 C:\xampp\htdocs\rise29\system\Common.php(904): CodeIgniter\Config\Factories::__callStatic('models', Array)
#5 C:\xampp\htdocs\rise29\app\Controllers\App_Controller.php(31): model('App\\Models\\Sett...')
#6 C:\xampp\htdocs\rise29\app\Controllers\Security_Controller.php(16): App\Controllers\App_Controller->__construct()
#7 C:\xampp\htdocs\rise29\app\Controllers\Dashboard.php(13): App\Controllers\Security_Controller->__construct()
#8 C:\xampp\htdocs\rise29\system\CodeIgniter.php(900): App\Controllers\Dashboard->__construct()
#9 C:\xampp\htdocs\rise29\system\CodeIgniter.php(426): CodeIgniter\CodeIgniter->createController()
#10 C:\xampp\htdocs\rise29\system\CodeIgniter.php(336): CodeIgniter\CodeIgniter->handleRequest(NULL, Object(Config\Cache), false)
#11 C:\xampp\htdocs\rise29\index.php(61): CodeIgniter\CodeIgniter->run()
#12 {main}
ERROR - 2022-09-19 10:48:04 --> Error connecting to the database: Unknown database 'manpro'
CRITICAL - 2022-09-19 10:48:04 --> Unable to connect to the database.
Main connection [MySQLi]: Unknown database 'manpro'
#0 C:\xampp\htdocs\rise29\system\Database\BaseConnection.php(625): CodeIgniter\Database\BaseConnection->initialize()
#1 C:\xampp\htdocs\rise29\app\Models\Crud_model.php(26): CodeIgniter\Database\BaseConnection->query('SET sql_mode = ...')
#2 C:\xampp\htdocs\rise29\app\Models\Settings_model.php(11): App\Models\Crud_model->__construct('settings')
#3 C:\xampp\htdocs\rise29\system\Config\Factories.php(120): App\Models\Settings_model->__construct(NULL)
#4 C:\xampp\htdocs\rise29\system\Common.php(904): CodeIgniter\Config\Factories::__callStatic('models', Array)
#5 C:\xampp\htdocs\rise29\app\Controllers\App_Controller.php(31): model('App\\Models\\Sett...')
#6 C:\xampp\htdocs\rise29\app\Controllers\Security_Controller.php(16): App\Controllers\App_Controller->__construct()
#7 C:\xampp\htdocs\rise29\app\Controllers\Dashboard.php(13): App\Controllers\Security_Controller->__construct()
#8 C:\xampp\htdocs\rise29\system\CodeIgniter.php(900): App\Controllers\Dashboard->__construct()
#9 C:\xampp\htdocs\rise29\system\CodeIgniter.php(426): CodeIgniter\CodeIgniter->createController()
#10 C:\xampp\htdocs\rise29\system\CodeIgniter.php(336): CodeIgniter\CodeIgniter->handleRequest(NULL, Object(Config\Cache), false)
#11 C:\xampp\htdocs\rise29\index.php(61): CodeIgniter\CodeIgniter->run()
#12 {main}
ERROR - 2022-09-19 10:48:05 --> Error connecting to the database: Unknown database 'manpro'
CRITICAL - 2022-09-19 10:48:05 --> Unable to connect to the database.
Main connection [MySQLi]: Unknown database 'manpro'
#0 C:\xampp\htdocs\rise29\system\Database\BaseConnection.php(625): CodeIgniter\Database\BaseConnection->initialize()
#1 C:\xampp\htdocs\rise29\app\Models\Crud_model.php(26): CodeIgniter\Database\BaseConnection->query('SET sql_mode = ...')
#2 C:\xampp\htdocs\rise29\app\Models\Settings_model.php(11): App\Models\Crud_model->__construct('settings')
#3 C:\xampp\htdocs\rise29\system\Config\Factories.php(120): App\Models\Settings_model->__construct(NULL)
#4 C:\xampp\htdocs\rise29\system\Common.php(904): CodeIgniter\Config\Factories::__callStatic('models', Array)
#5 C:\xampp\htdocs\rise29\app\Controllers\App_Controller.php(31): model('App\\Models\\Sett...')
#6 C:\xampp\htdocs\rise29\app\Controllers\Security_Controller.php(16): App\Controllers\App_Controller->__construct()
#7 C:\xampp\htdocs\rise29\app\Controllers\Dashboard.php(13): App\Controllers\Security_Controller->__construct()
#8 C:\xampp\htdocs\rise29\system\CodeIgniter.php(900): App\Controllers\Dashboard->__construct()
#9 C:\xampp\htdocs\rise29\system\CodeIgniter.php(426): CodeIgniter\CodeIgniter->createController()
#10 C:\xampp\htdocs\rise29\system\CodeIgniter.php(336): CodeIgniter\CodeIgniter->handleRequest(NULL, Object(Config\Cache), false)
#11 C:\xampp\htdocs\rise29\index.php(61): CodeIgniter\CodeIgniter->run()
#12 {main}
CRITICAL - 2022-09-19 10:49:01 --> Undefined variable $task_data
#0 C:\xampp\htdocs\rise29\app\Views\projects\chart\project_status_widget.php(24): CodeIgniter\Debug\Exceptions->errorHandler(2, 'Undefined varia...', 'C:\\xampp\\htdocs...', 24)
#1 C:\xampp\htdocs\rise29\system\View\View.php(230): include('C:\\xampp\\htdocs...')
#2 C:\xampp\htdocs\rise29\system\View\View.php(232): CodeIgniter\View\View->CodeIgniter\View\{closure}()
#3 C:\xampp\htdocs\rise29\system\Common.php(1271): CodeIgniter\View\View->render('projects/chart/...', Array, true)
#4 C:\xampp\htdocs\rise29\app\Libraries\Template.php(38): view('projects/chart/...', Array)
#5 C:\xampp\htdocs\rise29\app\Helpers\widget_helper.php(191): App\Libraries\Template->view('projects/chart/...', Array)
#6 C:\xampp\htdocs\rise29\app\Views\dashboards\index.php(142): project_stataus_widget('')
#7 C:\xampp\htdocs\rise29\system\View\View.php(230): include('C:\\xampp\\htdocs...')
#8 C:\xampp\htdocs\rise29\system\View\View.php(232): CodeIgniter\View\View->CodeIgniter\View\{closure}()
#9 C:\xampp\htdocs\rise29\system\Common.php(1271): CodeIgniter\View\View->render('dashboards/inde...', Array, true)
#10 C:\xampp\htdocs\rise29\app\Views\layout\index.php(52): view('dashboards/inde...')
#11 C:\xampp\htdocs\rise29\system\View\View.php(230): include('C:\\xampp\\htdocs...')
#12 C:\xampp\htdocs\rise29\system\View\View.php(232): CodeIgniter\View\View->CodeIgniter\View\{closure}()
#13 C:\xampp\htdocs\rise29\system\Common.php(1271): CodeIgniter\View\View->render('layout/index', Array, true)
#14 C:\xampp\htdocs\rise29\app\Libraries\Template.php(38): view('layout/index', Array)
#15 C:\xampp\htdocs\rise29\app\Libraries\Template.php(22): App\Libraries\Template->view('layout/index', Array)
#16 C:\xampp\htdocs\rise29\app\Controllers\Dashboard.php(44): App\Libraries\Template->rander('dashboards/inde...', Array)
#17 C:\xampp\htdocs\rise29\system\CodeIgniter.php(928): App\Controllers\Dashboard->index()
#18 C:\xampp\htdocs\rise29\system\CodeIgniter.php(436): CodeIgniter\CodeIgniter->runController(Object(App\Controllers\Dashboard))
#19 C:\xampp\htdocs\rise29\system\CodeIgniter.php(336): CodeIgniter\CodeIgniter->handleRequest(NULL, Object(Config\Cache), false)
#20 C:\xampp\htdocs\rise29\index.php(61): CodeIgniter\CodeIgniter->run()
#21 {main}
CRITICAL - 2022-09-19 10:50:30 --> Undefined variable $task_data
#0 C:\xampp\htdocs\rise29\app\Views\projects\chart\project_status_widget.php(24): CodeIgniter\Debug\Exceptions->errorHandler(2, 'Undefined varia...', 'C:\\xampp\\htdocs...', 24)
#1 C:\xampp\htdocs\rise29\system\View\View.php(230): include('C:\\xampp\\htdocs...')
#2 C:\xampp\htdocs\rise29\system\View\View.php(232): CodeIgniter\View\View->CodeIgniter\View\{closure}()
#3 C:\xampp\htdocs\rise29\system\Common.php(1271): CodeIgniter\View\View->render('projects/chart/...', Array, true)
#4 C:\xampp\htdocs\rise29\app\Libraries\Template.php(38): view('projects/chart/...', Array)
#5 C:\xampp\htdocs\rise29\app\Helpers\widget_helper.php(191): App\Libraries\Template->view('projects/chart/...', Array)
#6 C:\xampp\htdocs\rise29\app\Views\dashboards\index.php(142): project_stataus_widget('')
#7 C:\xampp\htdocs\rise29\system\View\View.php(230): include('C:\\xampp\\htdocs...')
#8 C:\xampp\htdocs\rise29\system\View\View.php(232): CodeIgniter\View\View->CodeIgniter\View\{closure}()
#9 C:\xampp\htdocs\rise29\system\Common.php(1271): CodeIgniter\View\View->render('dashboards/inde...', Array, true)
#10 C:\xampp\htdocs\rise29\app\Views\layout\index.php(52): view('dashboards/inde...')
#11 C:\xampp\htdocs\rise29\system\View\View.php(230): include('C:\\xampp\\htdocs...')
#12 C:\xampp\htdocs\rise29\system\View\View.php(232): CodeIgniter\View\View->CodeIgniter\View\{closure}()
#13 C:\xampp\htdocs\rise29\system\Common.php(1271): CodeIgniter\View\View->render('layout/index', Array, true)
#14 C:\xampp\htdocs\rise29\app\Libraries\Template.php(38): view('layout/index', Array)
#15 C:\xampp\htdocs\rise29\app\Libraries\Template.php(22): App\Libraries\Template->view('layout/index', Array)
#16 C:\xampp\htdocs\rise29\app\Controllers\Dashboard.php(44): App\Libraries\Template->rander('dashboards/inde...', Array)
#17 C:\xampp\htdocs\rise29\system\CodeIgniter.php(928): App\Controllers\Dashboard->index()
#18 C:\xampp\htdocs\rise29\system\CodeIgniter.php(436): CodeIgniter\CodeIgniter->runController(Object(App\Controllers\Dashboard))
#19 C:\xampp\htdocs\rise29\system\CodeIgniter.php(336): CodeIgniter\CodeIgniter->handleRequest(NULL, Object(Config\Cache), false)
#20 C:\xampp\htdocs\rise29\index.php(61): CodeIgniter\CodeIgniter->run()
#21 {main}
CRITICAL - 2022-09-19 19:52:11 --> Undefined variable $task_data
#0 C:\xampp\htdocs\rise29\app\Views\projects\chart\project_status_widget.php(24): CodeIgniter\Debug\Exceptions->errorHandler(2, 'Undefined varia...', 'C:\\xampp\\htdocs...', 24)
#1 C:\xampp\htdocs\rise29\system\View\View.php(230): include('C:\\xampp\\htdocs...')
#2 C:\xampp\htdocs\rise29\system\View\View.php(232): CodeIgniter\View\View->CodeIgniter\View\{closure}()
#3 C:\xampp\htdocs\rise29\system\Common.php(1271): CodeIgniter\View\View->render('projects/chart/...', Array, true)
#4 C:\xampp\htdocs\rise29\app\Libraries\Template.php(38): view('projects/chart/...', Array)
#5 C:\xampp\htdocs\rise29\app\Helpers\widget_helper.php(191): App\Libraries\Template->view('projects/chart/...', Array)
#6 C:\xampp\htdocs\rise29\app\Views\dashboards\index.php(142): project_stataus_widget('')
#7 C:\xampp\htdocs\rise29\system\View\View.php(230): include('C:\\xampp\\htdocs...')
#8 C:\xampp\htdocs\rise29\system\View\View.php(232): CodeIgniter\View\View->CodeIgniter\View\{closure}()
#9 C:\xampp\htdocs\rise29\system\Common.php(1271): CodeIgniter\View\View->render('dashboards/inde...', Array, true)
#10 C:\xampp\htdocs\rise29\app\Views\layout\index.php(52): view('dashboards/inde...')
#11 C:\xampp\htdocs\rise29\system\View\View.php(230): include('C:\\xampp\\htdocs...')
#12 C:\xampp\htdocs\rise29\system\View\View.php(232): CodeIgniter\View\View->CodeIgniter\View\{closure}()
#13 C:\xampp\htdocs\rise29\system\Common.php(1271): CodeIgniter\View\View->render('layout/index', Array, true)
#14 C:\xampp\htdocs\rise29\app\Libraries\Template.php(38): view('layout/index', Array)
#15 C:\xampp\htdocs\rise29\app\Libraries\Template.php(22): App\Libraries\Template->view('layout/index', Array)
#16 C:\xampp\htdocs\rise29\app\Controllers\Dashboard.php(44): App\Libraries\Template->rander('dashboards/inde...', Array)
#17 C:\xampp\htdocs\rise29\system\CodeIgniter.php(928): App\Controllers\Dashboard->index()
#18 C:\xampp\htdocs\rise29\system\CodeIgniter.php(436): CodeIgniter\CodeIgniter->runController(Object(App\Controllers\Dashboard))
#19 C:\xampp\htdocs\rise29\system\CodeIgniter.php(336): CodeIgniter\CodeIgniter->handleRequest(NULL, Object(Config\Cache), false)
#20 C:\xampp\htdocs\rise29\index.php(61): CodeIgniter\CodeIgniter->run()
#21 {main}
CRITICAL - 2022-09-19 20:47:40 --> Call to a member function login_user_id() on null
#0 C:\xampp\htdocs\rise29\app\Controllers\Security_Controller.php(16): App\Controllers\App_Controller->__construct()
#1 C:\xampp\htdocs\rise29\app\Controllers\Messages.php(8): App\Controllers\Security_Controller->__construct()
#2 C:\xampp\htdocs\rise29\system\CodeIgniter.php(900): App\Controllers\Messages->__construct()
#3 C:\xampp\htdocs\rise29\system\CodeIgniter.php(426): CodeIgniter\CodeIgniter->createController()
#4 C:\xampp\htdocs\rise29\system\CodeIgniter.php(336): CodeIgniter\CodeIgniter->handleRequest(NULL, Object(Config\Cache), false)
#5 C:\xampp\htdocs\rise29\index.php(61): CodeIgniter\CodeIgniter->run()
#6 {main}
ERROR - 2022-09-19 21:18:17 --> Email: sendWithMail throwed mail(): Failed to connect to mailserver at &quot;localhost&quot; port 25, verify your &quot;SMTP&quot; and &quot;smtp_port&quot; setting in php.ini or use ini_set()
CRITICAL - 2022-09-19 21:18:33 --> Undefined variable $task_data
#0 C:\xampp\htdocs\rise29\app\Views\projects\chart\project_status_widget.php(25): CodeIgniter\Debug\Exceptions->errorHandler(2, 'Undefined varia...', 'C:\\xampp\\htdocs...', 25)
#1 C:\xampp\htdocs\rise29\system\View\View.php(230): include('C:\\xampp\\htdocs...')
#2 C:\xampp\htdocs\rise29\system\View\View.php(232): CodeIgniter\View\View->CodeIgniter\View\{closure}()
#3 C:\xampp\htdocs\rise29\system\Common.php(1271): CodeIgniter\View\View->render('projects/chart/...', Array, true)
#4 C:\xampp\htdocs\rise29\app\Libraries\Template.php(38): view('projects/chart/...', Array)
#5 C:\xampp\htdocs\rise29\app\Helpers\widget_helper.php(191): App\Libraries\Template->view('projects/chart/...', Array)
#6 C:\xampp\htdocs\rise29\app\Views\dashboards\index.php(142): project_stataus_widget('')
#7 C:\xampp\htdocs\rise29\system\View\View.php(230): include('C:\\xampp\\htdocs...')
#8 C:\xampp\htdocs\rise29\system\View\View.php(232): CodeIgniter\View\View->CodeIgniter\View\{closure}()
#9 C:\xampp\htdocs\rise29\system\Common.php(1271): CodeIgniter\View\View->render('dashboards/inde...', Array, true)
#10 C:\xampp\htdocs\rise29\app\Views\layout\index.php(52): view('dashboards/inde...')
#11 C:\xampp\htdocs\rise29\system\View\View.php(230): include('C:\\xampp\\htdocs...')
#12 C:\xampp\htdocs\rise29\system\View\View.php(232): CodeIgniter\View\View->CodeIgniter\View\{closure}()
#13 C:\xampp\htdocs\rise29\system\Common.php(1271): CodeIgniter\View\View->render('layout/index', Array, true)
#14 C:\xampp\htdocs\rise29\app\Libraries\Template.php(38): view('layout/index', Array)
#15 C:\xampp\htdocs\rise29\app\Libraries\Template.php(22): App\Libraries\Template->view('layout/index', Array)
#16 C:\xampp\htdocs\rise29\app\Controllers\Dashboard.php(44): App\Libraries\Template->rander('dashboards/inde...', Array)
#17 C:\xampp\htdocs\rise29\system\CodeIgniter.php(928): App\Controllers\Dashboard->index()
#18 C:\xampp\htdocs\rise29\system\CodeIgniter.php(436): CodeIgniter\CodeIgniter->runController(Object(App\Controllers\Dashboard))
#19 C:\xampp\htdocs\rise29\system\CodeIgniter.php(336): CodeIgniter\CodeIgniter->handleRequest(NULL, Object(Config\Cache), false)
#20 C:\xampp\htdocs\rise29\index.php(61): CodeIgniter\CodeIgniter->run()
#21 {main}
CRITICAL - 2022-09-19 21:18:46 --> Undefined variable $task_data
#0 C:\xampp\htdocs\rise29\app\Views\projects\chart\project_status_widget.php(25): CodeIgniter\Debug\Exceptions->errorHandler(2, 'Undefined varia...', 'C:\\xampp\\htdocs...', 25)
#1 C:\xampp\htdocs\rise29\system\View\View.php(230): include('C:\\xampp\\htdocs...')
#2 C:\xampp\htdocs\rise29\system\View\View.php(232): CodeIgniter\View\View->CodeIgniter\View\{closure}()
#3 C:\xampp\htdocs\rise29\system\Common.php(1271): CodeIgniter\View\View->render('projects/chart/...', Array, true)
#4 C:\xampp\htdocs\rise29\app\Libraries\Template.php(38): view('projects/chart/...', Array)
#5 C:\xampp\htdocs\rise29\app\Helpers\widget_helper.php(191): App\Libraries\Template->view('projects/chart/...', Array)
#6 C:\xampp\htdocs\rise29\app\Views\dashboards\index.php(142): project_stataus_widget('')
#7 C:\xampp\htdocs\rise29\system\View\View.php(230): include('C:\\xampp\\htdocs...')
#8 C:\xampp\htdocs\rise29\system\View\View.php(232): CodeIgniter\View\View->CodeIgniter\View\{closure}()
#9 C:\xampp\htdocs\rise29\system\Common.php(1271): CodeIgniter\View\View->render('dashboards/inde...', Array, true)
#10 C:\xampp\htdocs\rise29\app\Views\layout\index.php(52): view('dashboards/inde...')
#11 C:\xampp\htdocs\rise29\system\View\View.php(230): include('C:\\xampp\\htdocs...')
#12 C:\xampp\htdocs\rise29\system\View\View.php(232): CodeIgniter\View\View->CodeIgniter\View\{closure}()
#13 C:\xampp\htdocs\rise29\system\Common.php(1271): CodeIgniter\View\View->render('layout/index', Array, true)
#14 C:\xampp\htdocs\rise29\app\Libraries\Template.php(38): view('layout/index', Array)
#15 C:\xampp\htdocs\rise29\app\Libraries\Template.php(22): App\Libraries\Template->view('layout/index', Array)
#16 C:\xampp\htdocs\rise29\app\Controllers\Dashboard.php(44): App\Libraries\Template->rander('dashboards/inde...', Array)
#17 C:\xampp\htdocs\rise29\system\CodeIgniter.php(928): App\Controllers\Dashboard->index()
#18 C:\xampp\htdocs\rise29\system\CodeIgniter.php(436): CodeIgniter\CodeIgniter->runController(Object(App\Controllers\Dashboard))
#19 C:\xampp\htdocs\rise29\system\CodeIgniter.php(336): CodeIgniter\CodeIgniter->handleRequest(NULL, Object(Config\Cache), false)
#20 C:\xampp\htdocs\rise29\index.php(61): CodeIgniter\CodeIgniter->run()
#21 {main}
